Created experiment directory: BirdJEPA_Run_10k_Finetune
Created experiment directory: experiments/BirdJEPA_Run_10k_Finetune
Running debug mode to check configuration...
Running finetuning with pre-generated spectrograms...
Initializing data wrappers...
Processing CSV data from /Users/georgev/Documents/data/birdclef-2025/train.csv
Found 206 unique bird classes
No pre-trained weights loaded
Model initialized on cpu
Starting training loop for 100 steps
Traceback (most recent call last):
  File "/Users/georgev/Documents/codebases/BirdJEPA/src/finetuning.py", line 329, in <module>
    main()
  File "/Users/georgev/Documents/codebases/BirdJEPA/src/finetuning.py", line 326, in main
    trainer.train()
  File "/Users/georgev/Documents/codebases/BirdJEPA/src/finetuning.py", line 247, in train
    outputs = self.model.forward(valid_inputs)
              ^^^^^^^^^^^^^^^^^^^^^^^^^^^^^^^^
  File "/Users/georgev/Documents/codebases/BirdJEPA/src/finetuning.py", line 177, in forward
    features = self.extract_features(x)
               ^^^^^^^^^^^^^^^^^^^^^^^^
  File "/Users/georgev/Documents/codebases/BirdJEPA/src/finetuning.py", line 170, in extract_features
    embeddings = self.encoder(x)
                 ^^^^^^^^^^^^^^^
  File "/Users/georgev/anaconda3/envs/tweetybert/lib/python3.11/site-packages/torch/nn/modules/module.py", line 1736, in _wrapped_call_impl
    return self._call_impl(*args, **kwargs)
           ^^^^^^^^^^^^^^^^^^^^^^^^^^^^^^^^
  File "/Users/georgev/anaconda3/envs/tweetybert/lib/python3.11/site-packages/torch/nn/modules/module.py", line 1747, in _call_impl
    return forward_call(*args, **kwargs)
           ^^^^^^^^^^^^^^^^^^^^^^^^^^^^^
  File "/Users/georgev/Documents/codebases/BirdJEPA/src/timing_utils.py", line 213, in wrapper
    result = func(*args, **kwargs)
             ^^^^^^^^^^^^^^^^^^^^^
TypeError: BirdJEPA.forward() missing 1 required positional argument: 'target_spectrogram'
